<?xml version="1.0" encoding="UTF-8"?>
<!-- Generated by org.testng.reporters.JUnitReportReporter -->
<testsuite hostname="vm-win7-qa1" name="common.LoginCredentials" tests="1" failures="0" timestamp="2 May 2017 07:04:50 GMT" time="2.182" errors="0">
  <testcase name="login" time="2.182" classname="common.LoginCredentials"/>
</testsuite> <!-- common.LoginCredentials -->
